<?xml version="1.0" encoding="UTF-8"?>
<!-- Generated by org.testng.reporters.JUnitXMLReporter -->
<testsuite ignored="0" hostname="NAMIT-LENOVO" failures="1" tests="1" name="BankingApp Test" time="18.575" errors="0" timestamp="24 Jun 2021 17:29:06 GMT">
  <testcase classname="com.inetbanking.testCases.Basic.Select_Drop_Down" name="test" time="7.218">
    <failure type="java.lang.NullPointerException" message="Cannot invoke &amp;quot;org.openqa.selenium.WebElement.isDisplayed()&amp;quot; because the return value of &amp;quot;com.inetbanking.pages.BasicPage.element(String)&amp;quot; is null">
      <![CDATA[java.lang.NullPointerException: Cannot invoke "org.openqa.selenium.WebElement.isDisplayed()" because the return value of "com.inetbanking.pages.BasicPage.element(String)" is null
at com.inetbanking.pages.BasicPage.fnClosePopup(BasicPage.java:232)
at com.inetbanking.testCases.Basic.Select_Drop_Down.test(Select_Drop_Down.java:19)
... Removed 25 stack frames]]>
    </failure>
  </testcase> <!-- test -->
</testsuite> <!-- BankingApp Test -->
