<?xml version="1.0" encoding="UTF-8"?>
<testsuite name="TestSuite" time="52,010.128" tests="11" errors="0" skipped="0" failures="7">
  <properties>
[...]
</properties>
  <testcase name="test" classname="com.selEasy.testCases.Intermediate.Progress_Bar" time="54.907">
    <failure message="Expected condition failed: waiting for invisibility of Proxy element for: DefaultElementLocator &apos;By.xpath: //div[contains(@class,&apos;progress-bar&apos;)]&apos; (tried for 20 second(s) with 500 milliseconds interval)" type="org.openqa.selenium.TimeoutException">org.openqa.selenium.TimeoutException: Expected condition failed: waiting for invisibility of Proxy element for: DefaultElementLocator 'By.xpath: //div[contains(@class,'progress-bar')]' (tried for 20 second(s) with 500 milliseconds interval)
	at sun.reflect.GeneratedConstructorAccessor15.newInstance(Unknown Source)
	at sun.reflect.DelegatingConstructorAccessorImpl.newInstance(DelegatingConstructorAccessorImpl.java:45)
	at java.lang.reflect.Constructor.newInstance(Constructor.java:423)
	at org.openqa.selenium.remote.ErrorHandler.createThrowable(ErrorHandler.java:214)
	at org.openqa.selenium.remote.ErrorHandler.throwIfResponseFailed(ErrorHandler.java:166)
	at org.openqa.selenium.remote.http.JsonHttpResponseCodec.reconstructValue(JsonHttpResponseCodec.java:40)
	at org.openqa.selenium.remote.http.AbstractHttpResponseCodec.decode(AbstractHttpResponseCodec.java:80)
	at org.openqa.selenium.remote.http.AbstractHttpResponseCodec.decode(AbstractHttpResponseCodec.java:44)
	at org.openqa.selenium.remote.HttpCommandExecutor.execute(HttpCommandExecutor.java:158)
	at org.openqa.selenium.remote.service.DriverCommandExecutor.execute(DriverCommandExecutor.java:83)
	at org.openqa.selenium.remote.RemoteWebDriver.execute(RemoteWebDriver.java:548)
	at org.openqa.selenium.remote.RemoteWebDriver.findElement(RemoteWebDriver.java:322)
	at org.openqa.selenium.remote.RemoteWebDriver.findElementByXPath(RemoteWebDriver.java:424)
	at org.openqa.selenium.By$ByXPath.findElement(By.java:353)
	at org.openqa.selenium.remote.RemoteWebDriver.findElement(RemoteWebDriver.java:314)
	at org.openqa.selenium.support.pagefactory.DefaultElementLocator.findElement(DefaultElementLocator.java:69)
	at org.openqa.selenium.support.pagefactory.internal.LocatingElementHandler.invoke(LocatingElementHandler.java:38)
	at com.sun.proxy.$Proxy8.isDisplayed(Unknown Source)
	at org.openqa.selenium.support.ui.ExpectedConditions.isInvisible(ExpectedConditions.java:1405)
	at org.openqa.selenium.support.ui.ExpectedConditions.access$400(ExpectedConditions.java:44)
	at org.openqa.selenium.support.ui.ExpectedConditions$46.apply(ExpectedConditions.java:1393)
	at org.openqa.selenium.support.ui.ExpectedConditions$46.apply(ExpectedConditions.java:1389)
	at org.openqa.selenium.support.ui.FluentWait.until(FluentWait.java:260)
	at com.inetbanking.pages.Intermediate.fnFillProgressbar(Intermediate.java:142)
	at com.selEasy.testCases.Intermediate.Progress_Bar.test(Progress_Bar.java:23)
</failure>
    <system-out><![CDATA[0 [main] INFO SeleniumAutomationV1  - Launching test site
8298 [main] INFO SeleniumAutomationV1  - Validating Launch
8311 [main] INFO SeleniumAutomationV1  - Close pop up
11805 [main] INFO SeleniumAutomationV1  - Inside fnOpenForm
21719 [main] INFO SeleniumAutomationV1  - Down arrow button is clicked
27754 [main] INFO SeleniumAutomationV1  - page has been opened
]]></system-out>
    <system-err><![CDATA[Starting ChromeDriver 2.43.600210 (68dcf5eebde37173d4027fa8635e332711d2874a) on port 48038
Only local connections are allowed.
[1623588585.759][WARNING]: Timed out connecting to Chrome, retrying...
Jun 13, 2021 6:19:48 PM org.openqa.selenium.remote.ProtocolHandshake createSession
INFO: Detected dialect: OSS
[1623588590.866][WARNING]: Timed out connecting to Chrome, retrying...
]]></system-err>
  </testcase>
  <testcase name="test" classname="com.selEasy.testCases.Intermediate.Data_list_filter" time="36.299">
    <failure message="expected [false] but found [true]" type="java.lang.AssertionError">java.lang.AssertionError: expected [false] but found [true]
	at org.testng.Assert.fail(Assert.java:96)
	at org.testng.Assert.failNotEquals(Assert.java:776)
	at org.testng.Assert.assertFalse(Assert.java:65)
	at org.testng.Assert.assertFalse(Assert.java:75)
	at com.inetbanking.pages.Intermediate.fnFillDataFilter(Intermediate.java:131)
	at com.selEasy.testCases.Intermediate.Data_list_filter.test(Data_list_filter.java:23)
</failure>
    <system-out><![CDATA[64983 [main] INFO SeleniumAutomationV1  - Launching test site
64983 [main] INFO SeleniumAutomationV1  - Launching test site
70804 [main] INFO SeleniumAutomationV1  - Validating Launch
70804 [main] INFO SeleniumAutomationV1  - Validating Launch
70873 [main] INFO SeleniumAutomationV1  - Close pop up
70873 [main] INFO SeleniumAutomationV1  - Close pop up
83226 [main] INFO SeleniumAutomationV1  - Inside fnOpenForm
83226 [main] INFO SeleniumAutomationV1  - Inside fnOpenForm
92083 [main] INFO SeleniumAutomationV1  - Down arrow button is clicked
92083 [main] INFO SeleniumAutomationV1  - Down arrow button is clicked
98105 [main] INFO SeleniumAutomationV1  - page has been opened
98105 [main] INFO SeleniumAutomationV1  - page has been opened
]]></system-out>
    <system-err><![CDATA[Starting ChromeDriver 2.43.600210 (68dcf5eebde37173d4027fa8635e332711d2874a) on port 15300
Only local connections are allowed.
[1623588652.734][WARNING]: Timed out connecting to Chrome, retrying...
Jun 13, 2021 6:20:54 PM org.openqa.selenium.remote.ProtocolHandshake createSession
INFO: Detected dialect: OSS
[1623588656.797][WARNING]: Timed out connecting to Chrome, retrying...
]]></system-err>
  </testcase>
  <testcase name="test" classname="com.selEasy.testCases.Intermediate.Input_Form_with_validation" time="51,918.589"/>
  <testcase name="test" classname="com.inetbanking.testCases.Basic.BootStrap_Modal" time="0.018"/>
  <testcase name="test" classname="com.inetbanking.testCases.Basic.Check_Box_Demo" time="0.023">
    <failure message="Verify if button is changed to Uncheck All expected [true] but found [false]" type="java.lang.AssertionError">java.lang.AssertionError: Verify if button is changed to Uncheck All expected [true] but found [false]
	at org.testng.Assert.fail(Assert.java:96)
	at org.testng.Assert.failNotEquals(Assert.java:776)
	at org.testng.Assert.assertTrue(Assert.java:44)
	at com.inetbanking.pages.BasicPage.fnFillCheckBoxDemo(BasicPage.java:253)
	at com.inetbanking.testCases.Basic.Check_Box_Demo.test(Check_Box_Demo.java:23)
</failure>
    <system-out><![CDATA[213374 [main] INFO SeleniumAutomationV1  - Launching test site
213374 [main] INFO SeleniumAutomationV1  - Launching test site
213374 [main] INFO SeleniumAutomationV1  - Launching test site
213374 [main] INFO SeleniumAutomationV1  - Launching test site
213374 [main] INFO SeleniumAutomationV1  - Launching test site
218530 [main] INFO SeleniumAutomationV1  - Validating Launch
218530 [main] INFO SeleniumAutomationV1  - Validating Launch
218530 [main] INFO SeleniumAutomationV1  - Validating Launch
218530 [main] INFO SeleniumAutomationV1  - Validating Launch
218530 [main] INFO SeleniumAutomationV1  - Validating Launch
218537 [main] INFO SeleniumAutomationV1  - Close pop up
218537 [main] INFO SeleniumAutomationV1  - Close pop up
218537 [main] INFO SeleniumAutomationV1  - Close pop up
218537 [main] INFO SeleniumAutomationV1  - Close pop up
218537 [main] INFO SeleniumAutomationV1  - Close pop up
236941 [main] INFO SeleniumAutomationV1  - Opening Check Box demo
236941 [main] INFO SeleniumAutomationV1  - Opening Check Box demo
236941 [main] INFO SeleniumAutomationV1  - Opening Check Box demo
236941 [main] INFO SeleniumAutomationV1  - Opening Check Box demo
236941 [main] INFO SeleniumAutomationV1  - Opening Check Box demo
237705 [main] INFO SeleniumAutomationV1  - Down arrow button is clicked
237705 [main] INFO SeleniumAutomationV1  - Down arrow button is clicked
237705 [main] INFO SeleniumAutomationV1  - Down arrow button is clicked
237705 [main] INFO SeleniumAutomationV1  - Down arrow button is clicked
237705 [main] INFO SeleniumAutomationV1  - Down arrow button is clicked
239049 [main] INFO SeleniumAutomationV1  - Check Box demo is opened
239049 [main] INFO SeleniumAutomationV1  - Check Box demo is opened
239049 [main] INFO SeleniumAutomationV1  - Check Box demo is opened
239049 [main] INFO SeleniumAutomationV1  - Check Box demo is opened
239049 [main] INFO SeleniumAutomationV1  - Check Box demo is opened
239050 [main] INFO SeleniumAutomationV1  - Fill Check box demo
239050 [main] INFO SeleniumAutomationV1  - Fill Check box demo
239050 [main] INFO SeleniumAutomationV1  - Fill Check box demo
239050 [main] INFO SeleniumAutomationV1  - Fill Check box demo
239050 [main] INFO SeleniumAutomationV1  - Fill Check box demo
]]></system-out>
    <system-err><![CDATA[Starting ChromeDriver 2.43.600210 (68dcf5eebde37173d4027fa8635e332711d2874a) on port 30437
Only local connections are allowed.
[1623588801.129][WARNING]: Timed out connecting to Chrome, retrying...
Jun 13, 2021 6:23:23 PM org.openqa.selenium.remote.ProtocolHandshake createSession
INFO: Detected dialect: OSS
[1623588805.183][WARNING]: Timed out connecting to Chrome, retrying...
]]></system-err>
  </testcase>
  <testcase name="test" classname="com.inetbanking.testCases.Basic.Java_Scritps_Alerts" time="0.023"/>
  <testcase name="test" classname="com.inetbanking.testCases.Basic.Bootstrap_Alerts" time="0.022">
    <failure message="Expected condition failed: waiting for visibility of [[ChromeDriver: chrome on XP (924d6b11441824ff7ca94c62ee776030)] -&gt; xpath: //a[@id=&apos;at-cv-lightbox-close&apos;]] (tried for 20 second(s) with 500 milliseconds interval)&#10;Build info: version: &apos;3.14.0&apos;, revision: &apos;aacccce0&apos;, time: &apos;2018-08-02T20:19:58.91Z&apos;&#10;System info: host: &apos;NAMIT-LENOVO&apos;, ip: &apos;192.168.29.134&apos;, os.name: &apos;Windows 10&apos;, os.arch: &apos;amd64&apos;, os.version: &apos;10.0&apos;, java.version: &apos;1.8.0_261&apos;&#10;Driver info: org.openqa.selenium.chrome.ChromeDriver&#10;Capabilities {acceptInsecureCerts: false, acceptSslCerts: false, applicationCacheEnabled: false, browserConnectionEnabled: false, browserName: chrome, chrome: {chromedriverVersion: 2.43.600210 (68dcf5eebde371..., userDataDir: C:\Users\namit\AppData\Loca...}, cssSelectorsEnabled: true, databaseEnabled: false, goog:chromeOptions: {debuggerAddress: localhost:54884}, handlesAlerts: true, hasTouchScreen: false, javascriptEnabled: true, locationContextEnabled: true, mobileEmulationEnabled: false, nativeEvents: true, networkConnectionEnabled: false, pageLoadStrategy: normal, platform: XP, platformName: XP, rotatable: false, setWindowRect: true, takesHeapSnapshot: true, takesScreenshot: true, unexpectedAlertBehaviour: , unhandledPromptBehavior: , version: 91.0.4472.101, webStorageEnabled: true}&#10;Session ID: 924d6b11441824ff7ca94c62ee776030" type="org.openqa.selenium.TimeoutException">org.openqa.selenium.TimeoutException: Expected condition failed: waiting for visibility of [[ChromeDriver: chrome on XP (924d6b11441824ff7ca94c62ee776030)] -> xpath: //a[@id='at-cv-lightbox-close']] (tried for 20 second(s) with 500 milliseconds interval)
Build info: version: '3.14.0', revision: 'aacccce0', time: '2018-08-02T20:19:58.91Z'
System info: host: 'NAMIT-LENOVO', ip: '192.168.29.134', os.name: 'Windows 10', os.arch: 'amd64', os.version: '10.0', java.version: '1.8.0_261'
Driver info: org.openqa.selenium.chrome.ChromeDriver
Capabilities {acceptInsecureCerts: false, acceptSslCerts: false, applicationCacheEnabled: false, browserConnectionEnabled: false, browserName: chrome, chrome: {chromedriverVersion: 2.43.600210 (68dcf5eebde371..., userDataDir: C:\Users\namit\AppData\Loca...}, cssSelectorsEnabled: true, databaseEnabled: false, goog:chromeOptions: {debuggerAddress: localhost:54884}, handlesAlerts: true, hasTouchScreen: false, javascriptEnabled: true, locationContextEnabled: true, mobileEmulationEnabled: false, nativeEvents: true, networkConnectionEnabled: false, pageLoadStrategy: normal, platform: XP, platformName: XP, rotatable: false, setWindowRect: true, takesHeapSnapshot: true, takesScreenshot: true, unexpectedAlertBehaviour: , unhandledPromptBehavior: , version: 91.0.4472.101, webStorageEnabled: true}
Session ID: 924d6b11441824ff7ca94c62ee776030
	at org.openqa.selenium.support.ui.WebDriverWait.timeoutException(WebDriverWait.java:113)
	at org.openqa.selenium.support.ui.FluentWait.until(FluentWait.java:283)
	at com.inetbanking.pages.BasicPage.fnClosePopup(BasicPage.java:190)
	at com.inetbanking.testCases.Basic.Bootstrap_Alerts.test(Bootstrap_Alerts.java:19)
</failure>
    <system-out><![CDATA[277286 [main] INFO SeleniumAutomationV1  - Launching test site
277286 [main] INFO SeleniumAutomationV1  - Launching test site
277286 [main] INFO SeleniumAutomationV1  - Launching test site
277286 [main] INFO SeleniumAutomationV1  - Launching test site
277286 [main] INFO SeleniumAutomationV1  - Launching test site
277286 [main] INFO SeleniumAutomationV1  - Launching test site
277286 [main] INFO SeleniumAutomationV1  - Launching test site
282965 [main] INFO SeleniumAutomationV1  - Validating Launch
282965 [main] INFO SeleniumAutomationV1  - Validating Launch
282965 [main] INFO SeleniumAutomationV1  - Validating Launch
282965 [main] INFO SeleniumAutomationV1  - Validating Launch
282965 [main] INFO SeleniumAutomationV1  - Validating Launch
282965 [main] INFO SeleniumAutomationV1  - Validating Launch
282965 [main] INFO SeleniumAutomationV1  - Validating Launch
282969 [main] INFO SeleniumAutomationV1  - Close pop up
282969 [main] INFO SeleniumAutomationV1  - Close pop up
282969 [main] INFO SeleniumAutomationV1  - Close pop up
282969 [main] INFO SeleniumAutomationV1  - Close pop up
282969 [main] INFO SeleniumAutomationV1  - Close pop up
282969 [main] INFO SeleniumAutomationV1  - Close pop up
282969 [main] INFO SeleniumAutomationV1  - Close pop up
]]></system-out>
    <system-err><![CDATA[Starting ChromeDriver 2.43.600210 (68dcf5eebde37173d4027fa8635e332711d2874a) on port 7409
Only local connections are allowed.
[1623588865.053][WARNING]: Timed out connecting to Chrome, retrying...
Jun 13, 2021 6:24:27 PM org.openqa.selenium.remote.ProtocolHandshake createSession
INFO: Detected dialect: OSS
[1623588869.111][WARNING]: Timed out connecting to Chrome, retrying...
]]></system-err>
  </testcase>
  <testcase name="test" classname="com.inetbanking.testCases.Basic.Radio_Button_Demo" time="0.023">
    <failure message="Expected condition failed: waiting for visibility of [[ChromeDriver: chrome on XP (c4e675a84c3c5d53a48dbe4e4e88b145)] -&gt; xpath: //a[@id=&apos;at-cv-lightbox-close&apos;]] (tried for 20 second(s) with 500 milliseconds interval)&#10;Build info: version: &apos;3.14.0&apos;, revision: &apos;aacccce0&apos;, time: &apos;2018-08-02T20:19:58.91Z&apos;&#10;System info: host: &apos;NAMIT-LENOVO&apos;, ip: &apos;192.168.29.134&apos;, os.name: &apos;Windows 10&apos;, os.arch: &apos;amd64&apos;, os.version: &apos;10.0&apos;, java.version: &apos;1.8.0_261&apos;&#10;Driver info: org.openqa.selenium.chrome.ChromeDriver&#10;Capabilities {acceptInsecureCerts: false, acceptSslCerts: false, applicationCacheEnabled: false, browserConnectionEnabled: false, browserName: chrome, chrome: {chromedriverVersion: 2.43.600210 (68dcf5eebde371..., userDataDir: C:\Users\namit\AppData\Loca...}, cssSelectorsEnabled: true, databaseEnabled: false, goog:chromeOptions: {debuggerAddress: localhost:54450}, handlesAlerts: true, hasTouchScreen: false, javascriptEnabled: true, locationContextEnabled: true, mobileEmulationEnabled: false, nativeEvents: true, networkConnectionEnabled: false, pageLoadStrategy: normal, platform: XP, platformName: XP, rotatable: false, setWindowRect: true, takesHeapSnapshot: true, takesScreenshot: true, unexpectedAlertBehaviour: , unhandledPromptBehavior: , version: 91.0.4472.101, webStorageEnabled: true}&#10;Session ID: c4e675a84c3c5d53a48dbe4e4e88b145" type="org.openqa.selenium.TimeoutException">org.openqa.selenium.TimeoutException: Expected condition failed: waiting for visibility of [[ChromeDriver: chrome on XP (c4e675a84c3c5d53a48dbe4e4e88b145)] -> xpath: //a[@id='at-cv-lightbox-close']] (tried for 20 second(s) with 500 milliseconds interval)
Build info: version: '3.14.0', revision: 'aacccce0', time: '2018-08-02T20:19:58.91Z'
System info: host: 'NAMIT-LENOVO', ip: '192.168.29.134', os.name: 'Windows 10', os.arch: 'amd64', os.version: '10.0', java.version: '1.8.0_261'
Driver info: org.openqa.selenium.chrome.ChromeDriver
Capabilities {acceptInsecureCerts: false, acceptSslCerts: false, applicationCacheEnabled: false, browserConnectionEnabled: false, browserName: chrome, chrome: {chromedriverVersion: 2.43.600210 (68dcf5eebde371..., userDataDir: C:\Users\namit\AppData\Loca...}, cssSelectorsEnabled: true, databaseEnabled: false, goog:chromeOptions: {debuggerAddress: localhost:54450}, handlesAlerts: true, hasTouchScreen: false, javascriptEnabled: true, locationContextEnabled: true, mobileEmulationEnabled: false, nativeEvents: true, networkConnectionEnabled: false, pageLoadStrategy: normal, platform: XP, platformName: XP, rotatable: false, setWindowRect: true, takesHeapSnapshot: true, takesScreenshot: true, unexpectedAlertBehaviour: , unhandledPromptBehavior: , version: 91.0.4472.101, webStorageEnabled: true}
Session ID: c4e675a84c3c5d53a48dbe4e4e88b145
	at org.openqa.selenium.support.ui.WebDriverWait.timeoutException(WebDriverWait.java:113)
	at org.openqa.selenium.support.ui.FluentWait.until(FluentWait.java:283)
	at com.inetbanking.pages.BasicPage.fnClosePopup(BasicPage.java:190)
	at com.inetbanking.testCases.Basic.Radio_Button_Demo.test(Radio_Button_Demo.java:19)
</failure>
    <system-out><![CDATA[314166 [main] INFO SeleniumAutomationV1  - Launching test site
314166 [main] INFO SeleniumAutomationV1  - Launching test site
314166 [main] INFO SeleniumAutomationV1  - Launching test site
314166 [main] INFO SeleniumAutomationV1  - Launching test site
314166 [main] INFO SeleniumAutomationV1  - Launching test site
314166 [main] INFO SeleniumAutomationV1  - Launching test site
314166 [main] INFO SeleniumAutomationV1  - Launching test site
314166 [main] INFO SeleniumAutomationV1  - Launching test site
348215 [main] INFO SeleniumAutomationV1  - Validating Launch
348215 [main] INFO SeleniumAutomationV1  - Validating Launch
348215 [main] INFO SeleniumAutomationV1  - Validating Launch
348215 [main] INFO SeleniumAutomationV1  - Validating Launch
348215 [main] INFO SeleniumAutomationV1  - Validating Launch
348215 [main] INFO SeleniumAutomationV1  - Validating Launch
348215 [main] INFO SeleniumAutomationV1  - Validating Launch
348215 [main] INFO SeleniumAutomationV1  - Validating Launch
348223 [main] INFO SeleniumAutomationV1  - Close pop up
348223 [main] INFO SeleniumAutomationV1  - Close pop up
348223 [main] INFO SeleniumAutomationV1  - Close pop up
348223 [main] INFO SeleniumAutomationV1  - Close pop up
348223 [main] INFO SeleniumAutomationV1  - Close pop up
348223 [main] INFO SeleniumAutomationV1  - Close pop up
348223 [main] INFO SeleniumAutomationV1  - Close pop up
348223 [main] INFO SeleniumAutomationV1  - Close pop up
]]></system-out>
    <system-err><![CDATA[Starting ChromeDriver 2.43.600210 (68dcf5eebde37173d4027fa8635e332711d2874a) on port 21697
Only local connections are allowed.
[1623588901.903][WARNING]: Timed out connecting to Chrome, retrying...
Jun 13, 2021 6:25:03 PM org.openqa.selenium.remote.ProtocolHandshake createSession
INFO: Detected dialect: OSS
[1623588905.996][WARNING]: Timed out connecting to Chrome, retrying...
]]></system-err>
  </testcase>
  <testcase name="test" classname="com.inetbanking.testCases.Basic.Select_Drop_Down" time="0.038">
    <failure message="Expected condition failed: waiting for visibility of [[ChromeDriver: chrome on XP (e2932b3c4af3f4f4b6655cce7adc8b95)] -&gt; xpath: //a[@id=&apos;at-cv-lightbox-close&apos;]] (tried for 20 second(s) with 500 milliseconds interval)&#10;Build info: version: &apos;3.14.0&apos;, revision: &apos;aacccce0&apos;, time: &apos;2018-08-02T20:19:58.91Z&apos;&#10;System info: host: &apos;NAMIT-LENOVO&apos;, ip: &apos;192.168.29.134&apos;, os.name: &apos;Windows 10&apos;, os.arch: &apos;amd64&apos;, os.version: &apos;10.0&apos;, java.version: &apos;1.8.0_261&apos;&#10;Driver info: org.openqa.selenium.chrome.ChromeDriver&#10;Capabilities {acceptInsecureCerts: false, acceptSslCerts: false, applicationCacheEnabled: false, browserConnectionEnabled: false, browserName: chrome, chrome: {chromedriverVersion: 2.43.600210 (68dcf5eebde371..., userDataDir: C:\Users\namit\AppData\Loca...}, cssSelectorsEnabled: true, databaseEnabled: false, goog:chromeOptions: {debuggerAddress: localhost:59114}, handlesAlerts: true, hasTouchScreen: false, javascriptEnabled: true, locationContextEnabled: true, mobileEmulationEnabled: false, nativeEvents: true, networkConnectionEnabled: false, pageLoadStrategy: normal, platform: XP, platformName: XP, rotatable: false, setWindowRect: true, takesHeapSnapshot: true, takesScreenshot: true, unexpectedAlertBehaviour: , unhandledPromptBehavior: , version: 91.0.4472.101, webStorageEnabled: true}&#10;Session ID: e2932b3c4af3f4f4b6655cce7adc8b95" type="org.openqa.selenium.TimeoutException">org.openqa.selenium.TimeoutException: Expected condition failed: waiting for visibility of [[ChromeDriver: chrome on XP (e2932b3c4af3f4f4b6655cce7adc8b95)] -> xpath: //a[@id='at-cv-lightbox-close']] (tried for 20 second(s) with 500 milliseconds interval)
Build info: version: '3.14.0', revision: 'aacccce0', time: '2018-08-02T20:19:58.91Z'
System info: host: 'NAMIT-LENOVO', ip: '192.168.29.134', os.name: 'Windows 10', os.arch: 'amd64', os.version: '10.0', java.version: '1.8.0_261'
Driver info: org.openqa.selenium.chrome.ChromeDriver
Capabilities {acceptInsecureCerts: false, acceptSslCerts: false, applicationCacheEnabled: false, browserConnectionEnabled: false, browserName: chrome, chrome: {chromedriverVersion: 2.43.600210 (68dcf5eebde371..., userDataDir: C:\Users\namit\AppData\Loca...}, cssSelectorsEnabled: true, databaseEnabled: false, goog:chromeOptions: {debuggerAddress: localhost:59114}, handlesAlerts: true, hasTouchScreen: false, javascriptEnabled: true, locationContextEnabled: true, mobileEmulationEnabled: false, nativeEvents: true, networkConnectionEnabled: false, pageLoadStrategy: normal, platform: XP, platformName: XP, rotatable: false, setWindowRect: true, takesHeapSnapshot: true, takesScreenshot: true, unexpectedAlertBehaviour: , unhandledPromptBehavior: , version: 91.0.4472.101, webStorageEnabled: true}
Session ID: e2932b3c4af3f4f4b6655cce7adc8b95
	at org.openqa.selenium.support.ui.WebDriverWait.timeoutException(WebDriverWait.java:113)
	at org.openqa.selenium.support.ui.FluentWait.until(FluentWait.java:283)
	at com.inetbanking.pages.BasicPage.fnClosePopup(BasicPage.java:190)
	at com.inetbanking.testCases.Basic.Select_Drop_Down.test(Select_Drop_Down.java:19)
</failure>
    <system-out><![CDATA[379891 [main] INFO SeleniumAutomationV1  - Launching test site
379891 [main] INFO SeleniumAutomationV1  - Launching test site
379891 [main] INFO SeleniumAutomationV1  - Launching test site
379891 [main] INFO SeleniumAutomationV1  - Launching test site
379891 [main] INFO SeleniumAutomationV1  - Launching test site
379891 [main] INFO SeleniumAutomationV1  - Launching test site
379891 [main] INFO SeleniumAutomationV1  - Launching test site
379891 [main] INFO SeleniumAutomationV1  - Launching test site
379891 [main] INFO SeleniumAutomationV1  - Launching test site
413160 [main] INFO SeleniumAutomationV1  - Validating Launch
413160 [main] INFO SeleniumAutomationV1  - Validating Launch
413160 [main] INFO SeleniumAutomationV1  - Validating Launch
413160 [main] INFO SeleniumAutomationV1  - Validating Launch
413160 [main] INFO SeleniumAutomationV1  - Validating Launch
413160 [main] INFO SeleniumAutomationV1  - Validating Launch
413160 [main] INFO SeleniumAutomationV1  - Validating Launch
413160 [main] INFO SeleniumAutomationV1  - Validating Launch
413160 [main] INFO SeleniumAutomationV1  - Validating Launch
413166 [main] INFO SeleniumAutomationV1  - Close pop up
413166 [main] INFO SeleniumAutomationV1  - Close pop up
413166 [main] INFO SeleniumAutomationV1  - Close pop up
413166 [main] INFO SeleniumAutomationV1  - Close pop up
413166 [main] INFO SeleniumAutomationV1  - Close pop up
413166 [main] INFO SeleniumAutomationV1  - Close pop up
413166 [main] INFO SeleniumAutomationV1  - Close pop up
413166 [main] INFO SeleniumAutomationV1  - Close pop up
413166 [main] INFO SeleniumAutomationV1  - Close pop up
]]></system-out>
    <system-err><![CDATA[Starting ChromeDriver 2.43.600210 (68dcf5eebde37173d4027fa8635e332711d2874a) on port 36884
Only local connections are allowed.
[1623588967.643][WARNING]: Timed out connecting to Chrome, retrying...
Jun 13, 2021 6:26:09 PM org.openqa.selenium.remote.ProtocolHandshake createSession
INFO: Detected dialect: OSS
[1623588971.720][WARNING]: Timed out connecting to Chrome, retrying...
]]></system-err>
  </testcase>
  <testcase name="test" classname="com.inetbanking.testCases.Basic.Simple_Form_Demo" time="0.031">
    <failure message="Expected condition failed: waiting for visibility of Proxy element for: DefaultElementLocator &apos;By.xpath: //a[@id=&apos;at-cv-lightbox-close&apos;]&apos; (tried for 20 second(s) with 500 milliseconds interval)" type="org.openqa.selenium.TimeoutException">org.openqa.selenium.TimeoutException: Expected condition failed: waiting for visibility of Proxy element for: DefaultElementLocator 'By.xpath: //a[@id='at-cv-lightbox-close']' (tried for 20 second(s) with 500 milliseconds interval)
	at sun.reflect.GeneratedConstructorAccessor15.newInstance(Unknown Source)
	at sun.reflect.DelegatingConstructorAccessorImpl.newInstance(DelegatingConstructorAccessorImpl.java:45)
	at java.lang.reflect.Constructor.newInstance(Constructor.java:423)
	at org.openqa.selenium.remote.ErrorHandler.createThrowable(ErrorHandler.java:214)
	at org.openqa.selenium.remote.ErrorHandler.throwIfResponseFailed(ErrorHandler.java:166)
	at org.openqa.selenium.remote.http.JsonHttpResponseCodec.reconstructValue(JsonHttpResponseCodec.java:40)
	at org.openqa.selenium.remote.http.AbstractHttpResponseCodec.decode(AbstractHttpResponseCodec.java:80)
	at org.openqa.selenium.remote.http.AbstractHttpResponseCodec.decode(AbstractHttpResponseCodec.java:44)
	at org.openqa.selenium.remote.HttpCommandExecutor.execute(HttpCommandExecutor.java:158)
	at org.openqa.selenium.remote.service.DriverCommandExecutor.execute(DriverCommandExecutor.java:83)
	at org.openqa.selenium.remote.RemoteWebDriver.execute(RemoteWebDriver.java:548)
	at org.openqa.selenium.remote.RemoteWebDriver.findElement(RemoteWebDriver.java:322)
	at org.openqa.selenium.remote.RemoteWebDriver.findElementByXPath(RemoteWebDriver.java:424)
	at org.openqa.selenium.By$ByXPath.findElement(By.java:353)
	at org.openqa.selenium.remote.RemoteWebDriver.findElement(RemoteWebDriver.java:314)
	at org.openqa.selenium.support.pagefactory.DefaultElementLocator.findElement(DefaultElementLocator.java:69)
	at org.openqa.selenium.support.pagefactory.internal.LocatingElementHandler.invoke(LocatingElementHandler.java:38)
	at com.sun.proxy.$Proxy8.isDisplayed(Unknown Source)
	at org.openqa.selenium.support.ui.ExpectedConditions.elementIfVisible(ExpectedConditions.java:315)
	at org.openqa.selenium.support.ui.ExpectedConditions.access$100(ExpectedConditions.java:44)
	at org.openqa.selenium.support.ui.ExpectedConditions$10.apply(ExpectedConditions.java:301)
	at org.openqa.selenium.support.ui.ExpectedConditions$10.apply(ExpectedConditions.java:298)
	at org.openqa.selenium.support.ui.FluentWait.until(FluentWait.java:260)
	at com.inetbanking.pages.BasicPage.fnClosePopup(BasicPage.java:190)
	at com.inetbanking.testCases.Basic.Simple_Form_Demo.test(Simple_Form_Demo.java:18)
</failure>
    <system-out><![CDATA[450560 [main] INFO SeleniumAutomationV1  - Launching test site
450560 [main] INFO SeleniumAutomationV1  - Launching test site
450560 [main] INFO SeleniumAutomationV1  - Launching test site
450560 [main] INFO SeleniumAutomationV1  - Launching test site
450560 [main] INFO SeleniumAutomationV1  - Launching test site
450560 [main] INFO SeleniumAutomationV1  - Launching test site
450560 [main] INFO SeleniumAutomationV1  - Launching test site
450560 [main] INFO SeleniumAutomationV1  - Launching test site
450560 [main] INFO SeleniumAutomationV1  - Launching test site
450560 [main] INFO SeleniumAutomationV1  - Launching test site
655639 [main] INFO SeleniumAutomationV1  - Validating Launch
655639 [main] INFO SeleniumAutomationV1  - Validating Launch
655639 [main] INFO SeleniumAutomationV1  - Validating Launch
655639 [main] INFO SeleniumAutomationV1  - Validating Launch
655639 [main] INFO SeleniumAutomationV1  - Validating Launch
655639 [main] INFO SeleniumAutomationV1  - Validating Launch
655639 [main] INFO SeleniumAutomationV1  - Validating Launch
655639 [main] INFO SeleniumAutomationV1  - Validating Launch
655639 [main] INFO SeleniumAutomationV1  - Validating Launch
655639 [main] INFO SeleniumAutomationV1  - Validating Launch
655647 [main] INFO SeleniumAutomationV1  - Close pop up
655647 [main] INFO SeleniumAutomationV1  - Close pop up
655647 [main] INFO SeleniumAutomationV1  - Close pop up
655647 [main] INFO SeleniumAutomationV1  - Close pop up
655647 [main] INFO SeleniumAutomationV1  - Close pop up
655647 [main] INFO SeleniumAutomationV1  - Close pop up
655647 [main] INFO SeleniumAutomationV1  - Close pop up
655647 [main] INFO SeleniumAutomationV1  - Close pop up
655647 [main] INFO SeleniumAutomationV1  - Close pop up
655647 [main] INFO SeleniumAutomationV1  - Close pop up
]]></system-out>
    <system-err><![CDATA[Starting ChromeDriver 2.43.600210 (68dcf5eebde37173d4027fa8635e332711d2874a) on port 41630
Only local connections are allowed.
[1623589038.275][WARNING]: Timed out connecting to Chrome, retrying...
Jun 13, 2021 6:27:20 PM org.openqa.selenium.remote.ProtocolHandshake createSession
INFO: Detected dialect: OSS
[1623589042.361][WARNING]: Timed out connecting to Chrome, retrying...
]]></system-err>
  </testcase>
  <testcase name="test" classname="com.inetbanking.testCases.Basic.WindowsPopup" time="0.155"/>
</testsuite>